<?xml version="1.0" encoding="UTF-8"?>
<!-- Generated by org.testng.reporters.JUnitXMLReporter -->
<testsuite hostname="Yuliyas-MacBook-Pro.local" ignored="3" tests="22" failures="1" timestamp="15 Mar 2019 20:57:41 GMT" time="0.157" errors="0">
  <testcase name="test1" time="0.012" classname="NewTest1"/>
  <testcase name="test3" time="0.002" classname="NewTest3"/>
  <testcase name="test5" time="0.003" classname="NewTest5">
    <failure type="java.lang.AssertionError" message="expected [4] but found [5]">
      <![CDATA[java.lang.AssertionError: expected [4] but found [5]
at NewTest5.test5(NewTest5.java:58)
... Removed 31 stack frames]]>
    </failure>
  </testcase> <!-- test5 -->
  <testcase name="test18" time="0.003" classname="NewTest18"/>
  <testcase name="test6" time="0.001" classname="NewTest6"/>
  <testcase name="test19" time="0.001" classname="NewTest19"/>
  <testcase name="test7" time="0.003" classname="NewTest7"/>
  <testcase name="test20" time="0.001" classname="NewTest20"/>
  <testcase name="test8" time="0.001" classname="NewTest8"/>
  <testcase name="test21" time="0.001" classname="NewTest21"/>
  <testcase name="test9" time="0.004" classname="NewTest9"/>
  <testcase name="test22" time="0.004" classname="NewTest22"/>
  <testcase name="test1" time="0.003" classname="NewTest10"/>
  <testcase name="test23" time="0.001" classname="NewTest23"/>
  <testcase name="test11" time="0.001" classname="NewTest11"/>
  <testcase name="test24" time="0.001" classname="NewTest24"/>
  <testcase name="test12" time="0.001" classname="NewTest12"/>
  <testcase name="test25" time="0.001" classname="NewTest25"/>
  <testcase name="test13" time="0.001" classname="NewTest13"/>
  <testcase name="test14" time="0.0" classname="NewTest14"/>
  <testcase name="test15" time="0.001" classname="NewTest15"/>
  <testcase name="test16" time="0.001" classname="NewTest16"/>
  <testcase name="test2" time="0.0" classname="NewTest2">
    <ignored/>
  </testcase> <!-- test2 -->
  <testcase name="test4" time="0.0" classname="NewTest4">
    <ignored/>
  </testcase> <!-- test4 -->
  <testcase name="test17" time="0.0" classname="NewTest17">
    <ignored/>
  </testcase> <!-- test17 -->
</testsuite>
