<?xml version="1.0" encoding="UTF-8"?>
<testng-results skipped="0" failed="1" ignored="3" total="25" passed="21">
  <reporter-output>
  </reporter-output>
  <suite name="Suite" duration-ms="157" started-at="2019-03-15T20:57:41Z" finished-at="2019-03-15T20:57:41Z">
    <groups>
    </groups>
    <test name="Test" duration-ms="157" started-at="2019-03-15T20:57:41Z" finished-at="2019-03-15T20:57:41Z">
      <class name="NewTest22">
        <test-method status="PASS" signature="beforeClass()[pri:0, instance:NewTest22@704641e3]" name="beforeClass" is-config="true" duration-ms="0" started-at="2019-03-15T20:57:41Z" finished-at="2019-03-15T20:57:41Z">
          <reporter-output>
          </reporter-output>
        </test-method> <!-- beforeClass -->
        <test-method status="PASS" signature="beforeMethod()[pri:0, instance:NewTest22@704641e3]" name="beforeMethod" is-config="true" duration-ms="1" started-at="2019-03-15T20:57:41Z" finished-at="2019-03-15T20:57:41Z">
          <reporter-output>
          </reporter-output>
        </test-method> <!-- beforeMethod -->
        <test-method status="PASS" signature="test22()[pri:0, instance:NewTest22@704641e3]" name="test22" duration-ms="4" started-at="2019-03-15T20:57:41Z" finished-at="2019-03-15T20:57:41Z">
          <reporter-output>
          </reporter-output>
        </test-method> <!-- test22 -->
        <test-method status="PASS" signature="afterClass()[pri:0, instance:NewTest22@704641e3]" name="afterClass" is-config="true" duration-ms="0" started-at="2019-03-15T20:57:41Z" finished-at="2019-03-15T20:57:41Z">
          <reporter-output>
          </reporter-output>
        </test-method> <!-- afterClass -->
        <test-method status="PASS" signature="afterMethod()[pri:0, instance:NewTest22@704641e3]" name="afterMethod" is-config="true" duration-ms="0" started-at="2019-03-15T20:57:41Z" finished-at="2019-03-15T20:57:41Z">
          <reporter-output>
          </reporter-output>
        </test-method> <!-- afterMethod -->
      </class> <!-- NewTest22 -->
      <class name="NewTest11">
        <test-method status="PASS" signature="beforeClass()[pri:0, instance:NewTest11@65d57e4e]" name="beforeClass" is-config="true" duration-ms="0" started-at="2019-03-15T20:57:41Z" finished-at="2019-03-15T20:57:41Z">
          <reporter-output>
          </reporter-output>
        </test-method> <!-- beforeClass -->
        <test-method status="PASS" signature="test11()[pri:0, instance:NewTest11@65d57e4e]" name="test11" duration-ms="1" started-at="2019-03-15T20:57:41Z" finished-at="2019-03-15T20:57:41Z">
          <reporter-output>
          </reporter-output>
        </test-method> <!-- test11 -->
        <test-method status="PASS" signature="beforeMethod()[pri:0, instance:NewTest11@65d57e4e]" name="beforeMethod" is-config="true" duration-ms="0" started-at="2019-03-15T20:57:41Z" finished-at="2019-03-15T20:57:41Z">
          <reporter-output>
          </reporter-output>
        </test-method> <!-- beforeMethod -->
        <test-method status="PASS" signature="afterMethod()[pri:0, instance:NewTest11@65d57e4e]" name="afterMethod" is-config="true" duration-ms="0" started-at="2019-03-15T20:57:41Z" finished-at="2019-03-15T20:57:41Z">
          <reporter-output>
          </reporter-output>
        </test-method> <!-- afterMethod -->
        <test-method status="PASS" signature="afterClass()[pri:0, instance:NewTest11@65d57e4e]" name="afterClass" is-config="true" duration-ms="0" started-at="2019-03-15T20:57:41Z" finished-at="2019-03-15T20:57:41Z">
          <reporter-output>
          </reporter-output>
        </test-method> <!-- afterClass -->
      </class> <!-- NewTest11 -->
      <class name="NewTest12">
        <test-method status="PASS" signature="beforeMethod()[pri:0, instance:NewTest12@6daf7d37]" name="beforeMethod" is-config="true" duration-ms="1" started-at="2019-03-15T20:57:41Z" finished-at="2019-03-15T20:57:41Z">
          <reporter-output>
          </reporter-output>
        </test-method> <!-- beforeMethod -->
        <test-method status="PASS" signature="beforeClass()[pri:0, instance:NewTest12@6daf7d37]" name="beforeClass" is-config="true" duration-ms="0" started-at="2019-03-15T20:57:41Z" finished-at="2019-03-15T20:57:41Z">
          <reporter-output>
          </reporter-output>
        </test-method> <!-- beforeClass -->
        <test-method status="PASS" signature="test12()[pri:0, instance:NewTest12@6daf7d37]" name="test12" duration-ms="1" started-at="2019-03-15T20:57:41Z" finished-at="2019-03-15T20:57:41Z">
          <reporter-output>
          </reporter-output>
        </test-method> <!-- test12 -->
        <test-method status="PASS" signature="afterMethod()[pri:0, instance:NewTest12@6daf7d37]" name="afterMethod" is-config="true" duration-ms="1" started-at="2019-03-15T20:57:41Z" finished-at="2019-03-15T20:57:41Z">
          <reporter-output>
          </reporter-output>
        </test-method> <!-- afterMethod -->
        <test-method status="PASS" signature="afterClass()[pri:0, instance:NewTest12@6daf7d37]" name="afterClass" is-config="true" duration-ms="0" started-at="2019-03-15T20:57:41Z" finished-at="2019-03-15T20:57:41Z">
          <reporter-output>
          </reporter-output>
        </test-method> <!-- afterClass -->
      </class> <!-- NewTest12 -->
      <class name="NewTest23">
        <test-method status="PASS" signature="beforeClass()[pri:0, instance:NewTest23@2f00f851]" name="beforeClass" is-config="true" duration-ms="1" started-at="2019-03-15T20:57:41Z" finished-at="2019-03-15T20:57:41Z">
          <reporter-output>
          </reporter-output>
        </test-method> <!-- beforeClass -->
        <test-method status="PASS" signature="test23()[pri:0, instance:NewTest23@2f00f851]" name="test23" duration-ms="1" started-at="2019-03-15T20:57:41Z" finished-at="2019-03-15T20:57:41Z">
          <reporter-output>
          </reporter-output>
        </test-method> <!-- test23 -->
        <test-method status="PASS" signature="beforeMethod()[pri:0, instance:NewTest23@2f00f851]" name="beforeMethod" is-config="true" duration-ms="0" started-at="2019-03-15T20:57:41Z" finished-at="2019-03-15T20:57:41Z">
          <reporter-output>
          </reporter-output>
        </test-method> <!-- beforeMethod -->
        <test-method status="PASS" signature="afterMethod()[pri:0, instance:NewTest23@2f00f851]" name="afterMethod" is-config="true" duration-ms="0" started-at="2019-03-15T20:57:41Z" finished-at="2019-03-15T20:57:41Z">
          <reporter-output>
          </reporter-output>
        </test-method> <!-- afterMethod -->
        <test-method status="PASS" signature="afterClass()[pri:0, instance:NewTest23@2f00f851]" name="afterClass" is-config="true" duration-ms="0" started-at="2019-03-15T20:57:41Z" finished-at="2019-03-15T20:57:41Z">
          <reporter-output>
          </reporter-output>
        </test-method> <!-- afterClass -->
      </class> <!-- NewTest23 -->
      <class name="NewTest20">
        <test-method status="PASS" signature="beforeClass()[pri:0, instance:NewTest20@6850b758]" name="beforeClass" is-config="true" duration-ms="0" started-at="2019-03-15T20:57:41Z" finished-at="2019-03-15T20:57:41Z">
          <reporter-output>
          </reporter-output>
        </test-method> <!-- beforeClass -->
        <test-method status="PASS" signature="beforeMethod()[pri:0, instance:NewTest20@6850b758]" name="beforeMethod" is-config="true" duration-ms="0" started-at="2019-03-15T20:57:41Z" finished-at="2019-03-15T20:57:41Z">
          <reporter-output>
          </reporter-output>
        </test-method> <!-- beforeMethod -->
        <test-method status="PASS" signature="test20()[pri:0, instance:NewTest20@6850b758]" name="test20" duration-ms="1" started-at="2019-03-15T20:57:41Z" finished-at="2019-03-15T20:57:41Z">
          <reporter-output>
          </reporter-output>
        </test-method> <!-- test20 -->
        <test-method status="PASS" signature="afterClass()[pri:0, instance:NewTest20@6850b758]" name="afterClass" is-config="true" duration-ms="0" started-at="2019-03-15T20:57:41Z" finished-at="2019-03-15T20:57:41Z">
          <reporter-output>
          </reporter-output>
        </test-method> <!-- afterClass -->
        <test-method status="PASS" signature="afterMethod()[pri:0, instance:NewTest20@6850b758]" name="afterMethod" is-config="true" duration-ms="0" started-at="2019-03-15T20:57:41Z" finished-at="2019-03-15T20:57:41Z">
          <reporter-output>
          </reporter-output>
        </test-method> <!-- afterMethod -->
      </class> <!-- NewTest20 -->
      <class name="NewTest21">
        <test-method status="PASS" signature="beforeClass()[pri:0, instance:NewTest21@2a2ef072]" name="beforeClass" is-config="true" duration-ms="0" started-at="2019-03-15T20:57:41Z" finished-at="2019-03-15T20:57:41Z">
          <reporter-output>
          </reporter-output>
        </test-method> <!-- beforeClass -->
        <test-method status="PASS" signature="beforeMethod()[pri:0, instance:NewTest21@2a2ef072]" name="beforeMethod" is-config="true" duration-ms="0" started-at="2019-03-15T20:57:41Z" finished-at="2019-03-15T20:57:41Z">
          <reporter-output>
          </reporter-output>
        </test-method> <!-- beforeMethod -->
        <test-method status="PASS" signature="test21()[pri:0, instance:NewTest21@2a2ef072]" name="test21" duration-ms="1" started-at="2019-03-15T20:57:41Z" finished-at="2019-03-15T20:57:41Z">
          <reporter-output>
          </reporter-output>
        </test-method> <!-- test21 -->
        <test-method status="PASS" signature="afterMethod()[pri:0, instance:NewTest21@2a2ef072]" name="afterMethod" is-config="true" duration-ms="3" started-at="2019-03-15T20:57:41Z" finished-at="2019-03-15T20:57:41Z">
          <reporter-output>
          </reporter-output>
        </test-method> <!-- afterMethod -->
        <test-method status="PASS" signature="afterClass()[pri:0, instance:NewTest21@2a2ef072]" name="afterClass" is-config="true" duration-ms="0" started-at="2019-03-15T20:57:41Z" finished-at="2019-03-15T20:57:41Z">
          <reporter-output>
          </reporter-output>
        </test-method> <!-- afterClass -->
      </class> <!-- NewTest21 -->
      <class name="NewTest10">
        <test-method status="PASS" signature="beforeMethod()[pri:0, instance:NewTest10@a2ddf26]" name="beforeMethod" is-config="true" duration-ms="1" started-at="2019-03-15T20:57:41Z" finished-at="2019-03-15T20:57:41Z">
          <reporter-output>
          </reporter-output>
        </test-method> <!-- beforeMethod -->
        <test-method status="PASS" signature="beforeClass()[pri:0, instance:NewTest10@a2ddf26]" name="beforeClass" is-config="true" duration-ms="0" started-at="2019-03-15T20:57:41Z" finished-at="2019-03-15T20:57:41Z">
          <reporter-output>
          </reporter-output>
        </test-method> <!-- beforeClass -->
        <test-method status="PASS" signature="test1()[pri:0, instance:NewTest10@a2ddf26]" name="test1" duration-ms="3" started-at="2019-03-15T20:57:41Z" finished-at="2019-03-15T20:57:41Z">
          <reporter-output>
          </reporter-output>
        </test-method> <!-- test1 -->
        <test-method status="PASS" signature="afterClass()[pri:0, instance:NewTest10@a2ddf26]" name="afterClass" is-config="true" duration-ms="0" started-at="2019-03-15T20:57:41Z" finished-at="2019-03-15T20:57:41Z">
          <reporter-output>
          </reporter-output>
        </test-method> <!-- afterClass -->
        <test-method status="PASS" signature="afterMethod()[pri:0, instance:NewTest10@a2ddf26]" name="afterMethod" is-config="true" duration-ms="0" started-at="2019-03-15T20:57:41Z" finished-at="2019-03-15T20:57:41Z">
          <reporter-output>
          </reporter-output>
        </test-method> <!-- afterMethod -->
      </class> <!-- NewTest10 -->
      <class name="NewTest15">
        <test-method status="PASS" signature="beforeClass()[pri:0, instance:NewTest15@9fc9f91]" name="beforeClass" is-config="true" duration-ms="1" started-at="2019-03-15T20:57:41Z" finished-at="2019-03-15T20:57:41Z">
          <reporter-output>
          </reporter-output>
        </test-method> <!-- beforeClass -->
        <test-method status="PASS" signature="test15()[pri:0, instance:NewTest15@9fc9f91]" name="test15" duration-ms="1" started-at="2019-03-15T20:57:41Z" finished-at="2019-03-15T20:57:41Z">
          <reporter-output>
          </reporter-output>
        </test-method> <!-- test15 -->
        <test-method status="PASS" signature="beforeMethod()[pri:0, instance:NewTest15@9fc9f91]" name="beforeMethod" is-config="true" duration-ms="0" started-at="2019-03-15T20:57:41Z" finished-at="2019-03-15T20:57:41Z">
          <reporter-output>
          </reporter-output>
        </test-method> <!-- beforeMethod -->
        <test-method status="PASS" signature="afterMethod()[pri:0, instance:NewTest15@9fc9f91]" name="afterMethod" is-config="true" duration-ms="1" started-at="2019-03-15T20:57:41Z" finished-at="2019-03-15T20:57:41Z">
          <reporter-output>
          </reporter-output>
        </test-method> <!-- afterMethod -->
        <test-method status="PASS" signature="afterClass()[pri:0, instance:NewTest15@9fc9f91]" name="afterClass" is-config="true" duration-ms="0" started-at="2019-03-15T20:57:41Z" finished-at="2019-03-15T20:57:41Z">
          <reporter-output>
          </reporter-output>
        </test-method> <!-- afterClass -->
      </class> <!-- NewTest15 -->
      <class name="NewTest16">
        <test-method status="PASS" signature="beforeClass()[pri:0, instance:NewTest16@1fac1d5c]" name="beforeClass" is-config="true" duration-ms="0" started-at="2019-03-15T20:57:41Z" finished-at="2019-03-15T20:57:41Z">
          <reporter-output>
          </reporter-output>
        </test-method> <!-- beforeClass -->
        <test-method status="PASS" signature="test16()[pri:0, instance:NewTest16@1fac1d5c]" name="test16" duration-ms="1" started-at="2019-03-15T20:57:41Z" finished-at="2019-03-15T20:57:41Z">
          <exception class="java.lang.ArithmeticException">
            <message>
              <![CDATA[/ by zero]]>
            </message>
            <full-stacktrace>
              <![CDATA[java.lang.ArithmeticException: / by zero
at core.Massive.devideBy(Massive.java:45)
at NewTest16.test16(NewTest16.java:58)
at sun.reflect.NativeMethodAccessorImpl.invoke0(Native Method)
at sun.reflect.NativeMethodAccessorImpl.invoke(NativeMethodAccessorImpl.java:62)
at sun.reflect.DelegatingMethodAccessorImpl.invoke(DelegatingMethodAccessorImpl.java:43)
at java.lang.reflect.Method.invoke(Method.java:498)
at org.testng.internal.MethodInvocationHelper.invokeMethod(MethodInvocationHelper.java:124)
at org.testng.internal.Invoker.invokeMethod(Invoker.java:583)
at org.testng.internal.Invoker.invokeTestMethod(Invoker.java:719)
at org.testng.internal.Invoker.invokeTestMethods(Invoker.java:989)
at org.testng.internal.TestMethodWorker.invokeTestMethods(TestMethodWorker.java:125)
at org.testng.internal.TestMethodWorker.run(TestMethodWorker.java:109)
at org.testng.TestRunner.privateRun(TestRunner.java:648)
at org.testng.TestRunner.run(TestRunner.java:505)
at org.testng.SuiteRunner.runTest(SuiteRunner.java:455)
at org.testng.SuiteRunner.runSequentially(SuiteRunner.java:450)
at org.testng.SuiteRunner.privateRun(SuiteRunner.java:415)
at org.testng.SuiteRunner.run(SuiteRunner.java:364)
at org.testng.SuiteRunnerWorker.runSuite(SuiteRunnerWorker.java:52)
at org.testng.SuiteRunnerWorker.run(SuiteRunnerWorker.java:84)
at org.testng.TestNG.runSuitesSequentially(TestNG.java:1208)
at org.testng.TestNG.runSuitesLocally(TestNG.java:1137)
at org.testng.TestNG.runSuites(TestNG.java:1049)
at org.testng.TestNG.run(TestNG.java:1017)
at org.testng.remote.AbstractRemoteTestNG.run(AbstractRemoteTestNG.java:115)
at org.testng.remote.RemoteTestNG.initAndRun(RemoteTestNG.java:251)
at org.testng.remote.RemoteTestNG.main(RemoteTestNG.java:77)
]]>
            </full-stacktrace>
          </exception> <!-- java.lang.ArithmeticException -->
          <reporter-output>
          </reporter-output>
        </test-method> <!-- test16 -->
        <test-method status="PASS" signature="beforeMethod()[pri:0, instance:NewTest16@1fac1d5c]" name="beforeMethod" is-config="true" duration-ms="0" started-at="2019-03-15T20:57:41Z" finished-at="2019-03-15T20:57:41Z">
          <reporter-output>
          </reporter-output>
        </test-method> <!-- beforeMethod -->
        <test-method status="PASS" signature="afterClass()[pri:0, instance:NewTest16@1fac1d5c]" name="afterClass" is-config="true" duration-ms="0" started-at="2019-03-15T20:57:41Z" finished-at="2019-03-15T20:57:41Z">
          <reporter-output>
          </reporter-output>
        </test-method> <!-- afterClass -->
        <test-method status="PASS" signature="afterMethod()[pri:0, instance:NewTest16@1fac1d5c]" name="afterMethod" is-config="true" duration-ms="0" started-at="2019-03-15T20:57:41Z" finished-at="2019-03-15T20:57:41Z">
          <reporter-output>
          </reporter-output>
        </test-method> <!-- afterMethod -->
      </class> <!-- NewTest16 -->
      <class name="NewTest24">
        <test-method status="PASS" signature="beforeClass()[pri:0, instance:NewTest24@4207609e]" name="beforeClass" is-config="true" duration-ms="0" started-at="2019-03-15T20:57:41Z" finished-at="2019-03-15T20:57:41Z">
          <reporter-output>
          </reporter-output>
        </test-method> <!-- beforeClass -->
        <test-method status="PASS" signature="beforeMethod()[pri:0, instance:NewTest24@4207609e]" name="beforeMethod" is-config="true" duration-ms="1" started-at="2019-03-15T20:57:41Z" finished-at="2019-03-15T20:57:41Z">
          <reporter-output>
          </reporter-output>
        </test-method> <!-- beforeMethod -->
        <test-method status="PASS" signature="test24()[pri:0, instance:NewTest24@4207609e]" name="test24" duration-ms="1" started-at="2019-03-15T20:57:41Z" finished-at="2019-03-15T20:57:41Z">
          <reporter-output>
          </reporter-output>
        </test-method> <!-- test24 -->
        <test-method status="PASS" signature="afterMethod()[pri:0, instance:NewTest24@4207609e]" name="afterMethod" is-config="true" duration-ms="1" started-at="2019-03-15T20:57:41Z" finished-at="2019-03-15T20:57:41Z">
          <reporter-output>
          </reporter-output>
        </test-method> <!-- afterMethod -->
        <test-method status="PASS" signature="afterClass()[pri:0, instance:NewTest24@4207609e]" name="afterClass" is-config="true" duration-ms="0" started-at="2019-03-15T20:57:41Z" finished-at="2019-03-15T20:57:41Z">
          <reporter-output>
          </reporter-output>
        </test-method> <!-- afterClass -->
      </class> <!-- NewTest24 -->
      <class name="NewTest13">
        <test-method status="PASS" signature="beforeClass()[pri:0, instance:NewTest13@23a5818e]" name="beforeClass" is-config="true" duration-ms="0" started-at="2019-03-15T20:57:41Z" finished-at="2019-03-15T20:57:41Z">
          <reporter-output>
          </reporter-output>
        </test-method> <!-- beforeClass -->
        <test-method status="PASS" signature="beforeMethod()[pri:0, instance:NewTest13@23a5818e]" name="beforeMethod" is-config="true" duration-ms="0" started-at="2019-03-15T20:57:41Z" finished-at="2019-03-15T20:57:41Z">
          <reporter-output>
          </reporter-output>
        </test-method> <!-- beforeMethod -->
        <test-method status="PASS" signature="test13()[pri:0, instance:NewTest13@23a5818e]" name="test13" duration-ms="1" started-at="2019-03-15T20:57:41Z" finished-at="2019-03-15T20:57:41Z">
          <reporter-output>
          </reporter-output>
        </test-method> <!-- test13 -->
        <test-method status="PASS" signature="afterMethod()[pri:0, instance:NewTest13@23a5818e]" name="afterMethod" is-config="true" duration-ms="0" started-at="2019-03-15T20:57:41Z" finished-at="2019-03-15T20:57:41Z">
          <reporter-output>
          </reporter-output>
        </test-method> <!-- afterMethod -->
        <test-method status="PASS" signature="afterClass()[pri:0, instance:NewTest13@23a5818e]" name="afterClass" is-config="true" duration-ms="0" started-at="2019-03-15T20:57:41Z" finished-at="2019-03-15T20:57:41Z">
          <reporter-output>
          </reporter-output>
        </test-method> <!-- afterClass -->
      </class> <!-- NewTest13 -->
      <class name="NewTest25">
        <test-method status="PASS" signature="beforeClass()[pri:0, instance:NewTest25@1f77b5cc]" name="beforeClass" is-config="true" duration-ms="0" started-at="2019-03-15T20:57:41Z" finished-at="2019-03-15T20:57:41Z">
          <reporter-output>
          </reporter-output>
        </test-method> <!-- beforeClass -->
        <test-method status="PASS" signature="beforeMethod()[pri:0, instance:NewTest25@1f77b5cc]" name="beforeMethod" is-config="true" duration-ms="1" started-at="2019-03-15T20:57:41Z" finished-at="2019-03-15T20:57:41Z">
          <reporter-output>
          </reporter-output>
        </test-method> <!-- beforeMethod -->
        <test-method status="PASS" signature="test25()[pri:0, instance:NewTest25@1f77b5cc]" name="test25" duration-ms="1" started-at="2019-03-15T20:57:41Z" finished-at="2019-03-15T20:57:41Z">
          <reporter-output>
          </reporter-output>
        </test-method> <!-- test25 -->
        <test-method status="PASS" signature="afterClass()[pri:0, instance:NewTest25@1f77b5cc]" name="afterClass" is-config="true" duration-ms="0" started-at="2019-03-15T20:57:41Z" finished-at="2019-03-15T20:57:41Z">
          <reporter-output>
          </reporter-output>
        </test-method> <!-- afterClass -->
        <test-method status="PASS" signature="afterMethod()[pri:0, instance:NewTest25@1f77b5cc]" name="afterMethod" is-config="true" duration-ms="0" started-at="2019-03-15T20:57:41Z" finished-at="2019-03-15T20:57:41Z">
          <reporter-output>
          </reporter-output>
        </test-method> <!-- afterMethod -->
      </class> <!-- NewTest25 -->
      <class name="NewTest14">
        <test-method status="PASS" signature="beforeClass()[pri:0, instance:NewTest14@4715ae33]" name="beforeClass" is-config="true" duration-ms="0" started-at="2019-03-15T20:57:41Z" finished-at="2019-03-15T20:57:41Z">
          <reporter-output>
          </reporter-output>
        </test-method> <!-- beforeClass -->
        <test-method status="PASS" signature="beforeMethod()[pri:0, instance:NewTest14@4715ae33]" name="beforeMethod" is-config="true" duration-ms="1" started-at="2019-03-15T20:57:41Z" finished-at="2019-03-15T20:57:41Z">
          <reporter-output>
          </reporter-output>
        </test-method> <!-- beforeMethod -->
        <test-method status="PASS" signature="test14()[pri:0, instance:NewTest14@4715ae33]" name="test14" duration-ms="0" started-at="2019-03-15T20:57:41Z" finished-at="2019-03-15T20:57:41Z">
          <reporter-output>
          </reporter-output>
        </test-method> <!-- test14 -->
        <test-method status="PASS" signature="afterMethod()[pri:0, instance:NewTest14@4715ae33]" name="afterMethod" is-config="true" duration-ms="0" started-at="2019-03-15T20:57:41Z" finished-at="2019-03-15T20:57:41Z">
          <reporter-output>
          </reporter-output>
        </test-method> <!-- afterMethod -->
        <test-method status="PASS" signature="afterClass()[pri:0, instance:NewTest14@4715ae33]" name="afterClass" is-config="true" duration-ms="0" started-at="2019-03-15T20:57:41Z" finished-at="2019-03-15T20:57:41Z">
          <reporter-output>
          </reporter-output>
        </test-method> <!-- afterClass -->
      </class> <!-- NewTest14 -->
      <class name="NewTest19">
        <test-method status="PASS" signature="beforeMethod()[pri:0, instance:NewTest19@17690e14]" name="beforeMethod" is-config="true" duration-ms="1" started-at="2019-03-15T20:57:41Z" finished-at="2019-03-15T20:57:41Z">
          <reporter-output>
          </reporter-output>
        </test-method> <!-- beforeMethod -->
        <test-method status="PASS" signature="beforeClass()[pri:0, instance:NewTest19@17690e14]" name="beforeClass" is-config="true" duration-ms="0" started-at="2019-03-15T20:57:41Z" finished-at="2019-03-15T20:57:41Z">
          <reporter-output>
          </reporter-output>
        </test-method> <!-- beforeClass -->
        <test-method status="PASS" signature="test19()[pri:0, instance:NewTest19@17690e14]" name="test19" duration-ms="1" started-at="2019-03-15T20:57:41Z" finished-at="2019-03-15T20:57:41Z">
          <reporter-output>
          </reporter-output>
        </test-method> <!-- test19 -->
        <test-method status="PASS" signature="afterMethod()[pri:0, instance:NewTest19@17690e14]" name="afterMethod" is-config="true" duration-ms="0" started-at="2019-03-15T20:57:41Z" finished-at="2019-03-15T20:57:41Z">
          <reporter-output>
          </reporter-output>
        </test-method> <!-- afterMethod -->
        <test-method status="PASS" signature="afterClass()[pri:0, instance:NewTest19@17690e14]" name="afterClass" is-config="true" duration-ms="1" started-at="2019-03-15T20:57:41Z" finished-at="2019-03-15T20:57:41Z">
          <reporter-output>
          </reporter-output>
        </test-method> <!-- afterClass -->
      </class> <!-- NewTest19 -->
      <class name="NewTest18">
        <test-method status="PASS" signature="beforeClass()[pri:0, instance:NewTest18@7a8406c2]" name="beforeClass" is-config="true" duration-ms="1" started-at="2019-03-15T20:57:41Z" finished-at="2019-03-15T20:57:41Z">
          <reporter-output>
          </reporter-output>
        </test-method> <!-- beforeClass -->
        <test-method status="PASS" signature="test18()[pri:0, instance:NewTest18@7a8406c2]" name="test18" duration-ms="3" started-at="2019-03-15T20:57:41Z" finished-at="2019-03-15T20:57:41Z">
          <reporter-output>
          </reporter-output>
        </test-method> <!-- test18 -->
        <test-method status="PASS" signature="beforeMethod()[pri:0, instance:NewTest18@7a8406c2]" name="beforeMethod" is-config="true" duration-ms="0" started-at="2019-03-15T20:57:41Z" finished-at="2019-03-15T20:57:41Z">
          <reporter-output>
          </reporter-output>
        </test-method> <!-- beforeMethod -->
        <test-method status="PASS" signature="afterClass()[pri:0, instance:NewTest18@7a8406c2]" name="afterClass" is-config="true" duration-ms="1" started-at="2019-03-15T20:57:41Z" finished-at="2019-03-15T20:57:41Z">
          <reporter-output>
          </reporter-output>
        </test-method> <!-- afterClass -->
        <test-method status="PASS" signature="afterMethod()[pri:0, instance:NewTest18@7a8406c2]" name="afterMethod" is-config="true" duration-ms="0" started-at="2019-03-15T20:57:41Z" finished-at="2019-03-15T20:57:41Z">
          <reporter-output>
          </reporter-output>
        </test-method> <!-- afterMethod -->
      </class> <!-- NewTest18 -->
      <class name="NewTest1">
        <test-method status="PASS" signature="beforeSuite()[pri:0, instance:NewTest1@5ba26eb0]" name="beforeSuite" is-config="true" duration-ms="16" started-at="2019-03-15T20:57:41Z" finished-at="2019-03-15T20:57:41Z">
          <reporter-output>
          </reporter-output>
        </test-method> <!-- beforeSuite -->
        <test-method status="PASS" signature="beforeSuite()[pri:0, instance:NewTest10@a2ddf26]" name="beforeSuite" is-config="true" duration-ms="1" started-at="2019-03-15T20:57:41Z" finished-at="2019-03-15T20:57:41Z">
          <reporter-output>
          </reporter-output>
        </test-method> <!-- beforeSuite -->
        <test-method status="PASS" signature="beforeSuite()[pri:0, instance:NewTest13@23a5818e]" name="beforeSuite" is-config="true" duration-ms="0" started-at="2019-03-15T20:57:41Z" finished-at="2019-03-15T20:57:41Z">
          <reporter-output>
          </reporter-output>
        </test-method> <!-- beforeSuite -->
        <test-method status="PASS" signature="beforeSuite()[pri:0, instance:NewTest14@4715ae33]" name="beforeSuite" is-config="true" duration-ms="0" started-at="2019-03-15T20:57:41Z" finished-at="2019-03-15T20:57:41Z">
          <reporter-output>
          </reporter-output>
        </test-method> <!-- beforeSuite -->
        <test-method status="PASS" signature="beforeSuite()[pri:0, instance:NewTest15@9fc9f91]" name="beforeSuite" is-config="true" duration-ms="0" started-at="2019-03-15T20:57:41Z" finished-at="2019-03-15T20:57:41Z">
          <reporter-output>
          </reporter-output>
        </test-method> <!-- beforeSuite -->
        <test-method status="PASS" signature="beforeSuite()[pri:0, instance:NewTest12@6daf7d37]" name="beforeSuite" is-config="true" duration-ms="0" started-at="2019-03-15T20:57:41Z" finished-at="2019-03-15T20:57:41Z">
          <reporter-output>
          </reporter-output>
        </test-method> <!-- beforeSuite -->
        <test-method status="PASS" signature="beforeSuite()[pri:0, instance:NewTest11@65d57e4e]" name="beforeSuite" is-config="true" duration-ms="0" started-at="2019-03-15T20:57:41Z" finished-at="2019-03-15T20:57:41Z">
          <reporter-output>
          </reporter-output>
        </test-method> <!-- beforeSuite -->
        <test-method status="PASS" signature="beforeSuite()[pri:0, instance:NewTest16@1fac1d5c]" name="beforeSuite" is-config="true" duration-ms="0" started-at="2019-03-15T20:57:41Z" finished-at="2019-03-15T20:57:41Z">
          <reporter-output>
          </reporter-output>
        </test-method> <!-- beforeSuite -->
        <test-method status="PASS" signature="beforeSuite()[pri:0, instance:NewTest17@108a46d6]" name="beforeSuite" is-config="true" duration-ms="1" started-at="2019-03-15T20:57:41Z" finished-at="2019-03-15T20:57:41Z">
          <reporter-output>
          </reporter-output>
        </test-method> <!-- beforeSuite -->
        <test-method status="PASS" signature="beforeSuite()[pri:0, instance:NewTest2@435e60ff]" name="beforeSuite" is-config="true" duration-ms="0" started-at="2019-03-15T20:57:41Z" finished-at="2019-03-15T20:57:41Z">
          <reporter-output>
          </reporter-output>
        </test-method> <!-- beforeSuite -->
        <test-method status="PASS" signature="beforeSuite()[pri:0, instance:NewTest21@2a2ef072]" name="beforeSuite" is-config="true" duration-ms="0" started-at="2019-03-15T20:57:41Z" finished-at="2019-03-15T20:57:41Z">
          <reporter-output>
          </reporter-output>
        </test-method> <!-- beforeSuite -->
        <test-method status="PASS" signature="beforeSuite()[pri:0, instance:NewTest22@704641e3]" name="beforeSuite" is-config="true" duration-ms="0" started-at="2019-03-15T20:57:41Z" finished-at="2019-03-15T20:57:41Z">
          <reporter-output>
          </reporter-output>
        </test-method> <!-- beforeSuite -->
        <test-method status="PASS" signature="beforeSuite()[pri:0, instance:NewTest19@17690e14]" name="beforeSuite" is-config="true" duration-ms="0" started-at="2019-03-15T20:57:41Z" finished-at="2019-03-15T20:57:41Z">
          <reporter-output>
          </reporter-output>
        </test-method> <!-- beforeSuite -->
        <test-method status="PASS" signature="beforeSuite()[pri:0, instance:NewTest20@6850b758]" name="beforeSuite" is-config="true" duration-ms="0" started-at="2019-03-15T20:57:41Z" finished-at="2019-03-15T20:57:41Z">
          <reporter-output>
          </reporter-output>
        </test-method> <!-- beforeSuite -->
        <test-method status="PASS" signature="beforeSuite()[pri:0, instance:NewTest18@7a8406c2]" name="beforeSuite" is-config="true" duration-ms="0" started-at="2019-03-15T20:57:41Z" finished-at="2019-03-15T20:57:41Z">
          <reporter-output>
          </reporter-output>
        </test-method> <!-- beforeSuite -->
        <test-method status="PASS" signature="beforeSuite()[pri:0, instance:NewTest23@2f00f851]" name="beforeSuite" is-config="true" duration-ms="0" started-at="2019-03-15T20:57:41Z" finished-at="2019-03-15T20:57:41Z">
          <reporter-output>
          </reporter-output>
        </test-method> <!-- beforeSuite -->
        <test-method status="PASS" signature="beforeSuite()[pri:0, instance:NewTest4@66f0548d]" name="beforeSuite" is-config="true" duration-ms="0" started-at="2019-03-15T20:57:41Z" finished-at="2019-03-15T20:57:41Z">
          <reporter-output>
          </reporter-output>
        </test-method> <!-- beforeSuite -->
        <test-method status="PASS" signature="beforeSuite()[pri:0, instance:NewTest24@4207609e]" name="beforeSuite" is-config="true" duration-ms="0" started-at="2019-03-15T20:57:41Z" finished-at="2019-03-15T20:57:41Z">
          <reporter-output>
          </reporter-output>
        </test-method> <!-- beforeSuite -->
        <test-method status="PASS" signature="beforeSuite()[pri:0, instance:NewTest5@2e6f610d]" name="beforeSuite" is-config="true" duration-ms="0" started-at="2019-03-15T20:57:41Z" finished-at="2019-03-15T20:57:41Z">
          <reporter-output>
          </reporter-output>
        </test-method> <!-- beforeSuite -->
        <test-method status="PASS" signature="beforeSuite()[pri:0, instance:NewTest25@1f77b5cc]" name="beforeSuite" is-config="true" duration-ms="0" started-at="2019-03-15T20:57:41Z" finished-at="2019-03-15T20:57:41Z">
          <reporter-output>
          </reporter-output>
        </test-method> <!-- beforeSuite -->
        <test-method status="PASS" signature="beforeSuite()[pri:0, instance:NewTest7@10afe71a]" name="beforeSuite" is-config="true" duration-ms="1" started-at="2019-03-15T20:57:41Z" finished-at="2019-03-15T20:57:41Z">
          <reporter-output>
          </reporter-output>
        </test-method> <!-- beforeSuite -->
        <test-method status="PASS" signature="beforeSuite()[pri:0, instance:NewTest3@17d32e9b]" name="beforeSuite" is-config="true" duration-ms="0" started-at="2019-03-15T20:57:41Z" finished-at="2019-03-15T20:57:41Z">
          <reporter-output>
          </reporter-output>
        </test-method> <!-- beforeSuite -->
        <test-method status="PASS" signature="beforeSuite()[pri:0, instance:NewTest6@1e86a5a7]" name="beforeSuite" is-config="true" duration-ms="0" started-at="2019-03-15T20:57:41Z" finished-at="2019-03-15T20:57:41Z">
          <reporter-output>
          </reporter-output>
        </test-method> <!-- beforeSuite -->
        <test-method status="PASS" signature="beforeSuite()[pri:0, instance:NewTest9@212dfd39]" name="beforeSuite" is-config="true" duration-ms="0" started-at="2019-03-15T20:57:41Z" finished-at="2019-03-15T20:57:41Z">
          <reporter-output>
          </reporter-output>
        </test-method> <!-- beforeSuite -->
        <test-method status="PASS" signature="beforeSuite()[pri:0, instance:NewTest8@741f8dbe]" name="beforeSuite" is-config="true" duration-ms="0" started-at="2019-03-15T20:57:41Z" finished-at="2019-03-15T20:57:41Z">
          <reporter-output>
          </reporter-output>
        </test-method> <!-- beforeSuite -->
        <test-method status="PASS" signature="beforeTest()[pri:0, instance:NewTest1@5ba26eb0]" name="beforeTest" is-config="true" duration-ms="1" started-at="2019-03-15T20:57:41Z" finished-at="2019-03-15T20:57:41Z">
          <reporter-output>
          </reporter-output>
        </test-method> <!-- beforeTest -->
        <test-method status="PASS" signature="beforeTest()[pri:0, instance:NewTest14@4715ae33]" name="beforeTest" is-config="true" duration-ms="0" started-at="2019-03-15T20:57:41Z" finished-at="2019-03-15T20:57:41Z">
          <reporter-output>
          </reporter-output>
        </test-method> <!-- beforeTest -->
        <test-method status="PASS" signature="beforeTest()[pri:0, instance:NewTest13@23a5818e]" name="beforeTest" is-config="true" duration-ms="0" started-at="2019-03-15T20:57:41Z" finished-at="2019-03-15T20:57:41Z">
          <reporter-output>
          </reporter-output>
        </test-method> <!-- beforeTest -->
        <test-method status="PASS" signature="beforeTest()[pri:0, instance:NewTest10@a2ddf26]" name="beforeTest" is-config="true" duration-ms="0" started-at="2019-03-15T20:57:41Z" finished-at="2019-03-15T20:57:41Z">
          <reporter-output>
          </reporter-output>
        </test-method> <!-- beforeTest -->
        <test-method status="PASS" signature="beforeTest()[pri:0, instance:NewTest12@6daf7d37]" name="beforeTest" is-config="true" duration-ms="0" started-at="2019-03-15T20:57:41Z" finished-at="2019-03-15T20:57:41Z">
          <reporter-output>
          </reporter-output>
        </test-method> <!-- beforeTest -->
        <test-method status="PASS" signature="beforeTest()[pri:0, instance:NewTest15@9fc9f91]" name="beforeTest" is-config="true" duration-ms="0" started-at="2019-03-15T20:57:41Z" finished-at="2019-03-15T20:57:41Z">
          <reporter-output>
          </reporter-output>
        </test-method> <!-- beforeTest -->
        <test-method status="PASS" signature="beforeTest()[pri:0, instance:NewTest11@65d57e4e]" name="beforeTest" is-config="true" duration-ms="0" started-at="2019-03-15T20:57:41Z" finished-at="2019-03-15T20:57:41Z">
          <reporter-output>
          </reporter-output>
        </test-method> <!-- beforeTest -->
        <test-method status="PASS" signature="beforeTest()[pri:0, instance:NewTest16@1fac1d5c]" name="beforeTest" is-config="true" duration-ms="1" started-at="2019-03-15T20:57:41Z" finished-at="2019-03-15T20:57:41Z">
          <reporter-output>
          </reporter-output>
        </test-method> <!-- beforeTest -->
        <test-method status="PASS" signature="beforeTest()[pri:0, instance:NewTest22@704641e3]" name="beforeTest" is-config="true" duration-ms="1" started-at="2019-03-15T20:57:41Z" finished-at="2019-03-15T20:57:41Z">
          <reporter-output>
          </reporter-output>
        </test-method> <!-- beforeTest -->
        <test-method status="PASS" signature="beforeTest()[pri:0, instance:NewTest2@435e60ff]" name="beforeTest" is-config="true" duration-ms="0" started-at="2019-03-15T20:57:41Z" finished-at="2019-03-15T20:57:41Z">
          <reporter-output>
          </reporter-output>
        </test-method> <!-- beforeTest -->
        <test-method status="PASS" signature="beforeTest()[pri:0, instance:NewTest18@7a8406c2]" name="beforeTest" is-config="true" duration-ms="0" started-at="2019-03-15T20:57:41Z" finished-at="2019-03-15T20:57:41Z">
          <reporter-output>
          </reporter-output>
        </test-method> <!-- beforeTest -->
        <test-method status="PASS" signature="beforeTest()[pri:0, instance:NewTest19@17690e14]" name="beforeTest" is-config="true" duration-ms="0" started-at="2019-03-15T20:57:41Z" finished-at="2019-03-15T20:57:41Z">
          <reporter-output>
          </reporter-output>
        </test-method> <!-- beforeTest -->
        <test-method status="PASS" signature="beforeTest()[pri:0, instance:NewTest20@6850b758]" name="beforeTest" is-config="true" duration-ms="0" started-at="2019-03-15T20:57:41Z" finished-at="2019-03-15T20:57:41Z">
          <reporter-output>
          </reporter-output>
        </test-method> <!-- beforeTest -->
        <test-method status="PASS" signature="beforeTest()[pri:0, instance:NewTest21@2a2ef072]" name="beforeTest" is-config="true" duration-ms="0" started-at="2019-03-15T20:57:41Z" finished-at="2019-03-15T20:57:41Z">
          <reporter-output>
          </reporter-output>
        </test-method> <!-- beforeTest -->
        <test-method status="PASS" signature="beforeTest()[pri:0, instance:NewTest17@108a46d6]" name="beforeTest" is-config="true" duration-ms="0" started-at="2019-03-15T20:57:41Z" finished-at="2019-03-15T20:57:41Z">
          <reporter-output>
          </reporter-output>
        </test-method> <!-- beforeTest -->
        <test-method status="PASS" signature="beforeTest()[pri:0, instance:NewTest23@2f00f851]" name="beforeTest" is-config="true" duration-ms="0" started-at="2019-03-15T20:57:41Z" finished-at="2019-03-15T20:57:41Z">
          <reporter-output>
          </reporter-output>
        </test-method> <!-- beforeTest -->
        <test-method status="PASS" signature="beforeTest()[pri:0, instance:NewTest3@17d32e9b]" name="beforeTest" is-config="true" duration-ms="0" started-at="2019-03-15T20:57:41Z" finished-at="2019-03-15T20:57:41Z">
          <reporter-output>
          </reporter-output>
        </test-method> <!-- beforeTest -->
        <test-method status="PASS" signature="beforeTest()[pri:0, instance:NewTest5@2e6f610d]" name="beforeTest" is-config="true" duration-ms="1" started-at="2019-03-15T20:57:41Z" finished-at="2019-03-15T20:57:41Z">
          <reporter-output>
          </reporter-output>
        </test-method> <!-- beforeTest -->
        <test-method status="PASS" signature="beforeTest()[pri:0, instance:NewTest4@66f0548d]" name="beforeTest" is-config="true" duration-ms="0" started-at="2019-03-15T20:57:41Z" finished-at="2019-03-15T20:57:41Z">
          <reporter-output>
          </reporter-output>
        </test-method> <!-- beforeTest -->
        <test-method status="PASS" signature="beforeTest()[pri:0, instance:NewTest24@4207609e]" name="beforeTest" is-config="true" duration-ms="0" started-at="2019-03-15T20:57:41Z" finished-at="2019-03-15T20:57:41Z">
          <reporter-output>
          </reporter-output>
        </test-method> <!-- beforeTest -->
        <test-method status="PASS" signature="beforeTest()[pri:0, instance:NewTest25@1f77b5cc]" name="beforeTest" is-config="true" duration-ms="0" started-at="2019-03-15T20:57:41Z" finished-at="2019-03-15T20:57:41Z">
          <reporter-output>
          </reporter-output>
        </test-method> <!-- beforeTest -->
        <test-method status="PASS" signature="beforeTest()[pri:0, instance:NewTest7@10afe71a]" name="beforeTest" is-config="true" duration-ms="0" started-at="2019-03-15T20:57:41Z" finished-at="2019-03-15T20:57:41Z">
          <reporter-output>
          </reporter-output>
        </test-method> <!-- beforeTest -->
        <test-method status="PASS" signature="beforeTest()[pri:0, instance:NewTest8@741f8dbe]" name="beforeTest" is-config="true" duration-ms="0" started-at="2019-03-15T20:57:41Z" finished-at="2019-03-15T20:57:41Z">
          <reporter-output>
          </reporter-output>
        </test-method> <!-- beforeTest -->
        <test-method status="PASS" signature="beforeTest()[pri:0, instance:NewTest6@1e86a5a7]" name="beforeTest" is-config="true" duration-ms="0" started-at="2019-03-15T20:57:41Z" finished-at="2019-03-15T20:57:41Z">
          <reporter-output>
          </reporter-output>
        </test-method> <!-- beforeTest -->
        <test-method status="PASS" signature="beforeTest()[pri:0, instance:NewTest9@212dfd39]" name="beforeTest" is-config="true" duration-ms="0" started-at="2019-03-15T20:57:41Z" finished-at="2019-03-15T20:57:41Z">
          <reporter-output>
          </reporter-output>
        </test-method> <!-- beforeTest -->
        <test-method status="PASS" signature="beforeClass()[pri:0, instance:NewTest1@5ba26eb0]" name="beforeClass" is-config="true" duration-ms="0" started-at="2019-03-15T20:57:41Z" finished-at="2019-03-15T20:57:41Z">
          <reporter-output>
          </reporter-output>
        </test-method> <!-- beforeClass -->
        <test-method status="PASS" signature="test1()[pri:0, instance:NewTest1@5ba26eb0]" name="test1" duration-ms="12" started-at="2019-03-15T20:57:41Z" finished-at="2019-03-15T20:57:41Z">
          <reporter-output>
          </reporter-output>
        </test-method> <!-- test1 -->
        <test-method status="PASS" signature="beforeMethod()[pri:0, instance:NewTest1@5ba26eb0]" name="beforeMethod" is-config="true" duration-ms="0" started-at="2019-03-15T20:57:41Z" finished-at="2019-03-15T20:57:41Z">
          <reporter-output>
          </reporter-output>
        </test-method> <!-- beforeMethod -->
        <test-method status="PASS" signature="afterMethod()[pri:0, instance:NewTest1@5ba26eb0]" name="afterMethod" is-config="true" duration-ms="0" started-at="2019-03-15T20:57:41Z" finished-at="2019-03-15T20:57:41Z">
          <reporter-output>
          </reporter-output>
        </test-method> <!-- afterMethod -->
        <test-method status="PASS" signature="afterClass()[pri:0, instance:NewTest1@5ba26eb0]" name="afterClass" is-config="true" duration-ms="0" started-at="2019-03-15T20:57:41Z" finished-at="2019-03-15T20:57:41Z">
          <reporter-output>
          </reporter-output>
        </test-method> <!-- afterClass -->
        <test-method status="PASS" signature="afterTest()[pri:0, instance:NewTest1@5ba26eb0]" name="afterTest" is-config="true" duration-ms="1" started-at="2019-03-15T20:57:41Z" finished-at="2019-03-15T20:57:41Z">
          <reporter-output>
          </reporter-output>
        </test-method> <!-- afterTest -->
        <test-method status="PASS" signature="afterTest()[pri:0, instance:NewTest14@4715ae33]" name="afterTest" is-config="true" duration-ms="0" started-at="2019-03-15T20:57:41Z" finished-at="2019-03-15T20:57:41Z">
          <reporter-output>
          </reporter-output>
        </test-method> <!-- afterTest -->
        <test-method status="PASS" signature="afterTest()[pri:0, instance:NewTest12@6daf7d37]" name="afterTest" is-config="true" duration-ms="0" started-at="2019-03-15T20:57:41Z" finished-at="2019-03-15T20:57:41Z">
          <reporter-output>
          </reporter-output>
        </test-method> <!-- afterTest -->
        <test-method status="PASS" signature="afterTest()[pri:0, instance:NewTest10@a2ddf26]" name="afterTest" is-config="true" duration-ms="0" started-at="2019-03-15T20:57:41Z" finished-at="2019-03-15T20:57:41Z">
          <reporter-output>
          </reporter-output>
        </test-method> <!-- afterTest -->
        <test-method status="PASS" signature="afterTest()[pri:0, instance:NewTest13@23a5818e]" name="afterTest" is-config="true" duration-ms="0" started-at="2019-03-15T20:57:41Z" finished-at="2019-03-15T20:57:41Z">
          <reporter-output>
          </reporter-output>
        </test-method> <!-- afterTest -->
        <test-method status="PASS" signature="afterTest()[pri:0, instance:NewTest11@65d57e4e]" name="afterTest" is-config="true" duration-ms="0" started-at="2019-03-15T20:57:41Z" finished-at="2019-03-15T20:57:41Z">
          <reporter-output>
          </reporter-output>
        </test-method> <!-- afterTest -->
        <test-method status="PASS" signature="afterTest()[pri:0, instance:NewTest15@9fc9f91]" name="afterTest" is-config="true" duration-ms="1" started-at="2019-03-15T20:57:41Z" finished-at="2019-03-15T20:57:41Z">
          <reporter-output>
          </reporter-output>
        </test-method> <!-- afterTest -->
        <test-method status="PASS" signature="afterTest()[pri:0, instance:NewTest18@7a8406c2]" name="afterTest" is-config="true" duration-ms="0" started-at="2019-03-15T20:57:41Z" finished-at="2019-03-15T20:57:41Z">
          <reporter-output>
          </reporter-output>
        </test-method> <!-- afterTest -->
        <test-method status="PASS" signature="afterTest()[pri:0, instance:NewTest20@6850b758]" name="afterTest" is-config="true" duration-ms="0" started-at="2019-03-15T20:57:41Z" finished-at="2019-03-15T20:57:41Z">
          <reporter-output>
          </reporter-output>
        </test-method> <!-- afterTest -->
        <test-method status="PASS" signature="afterTest()[pri:0, instance:NewTest19@17690e14]" name="afterTest" is-config="true" duration-ms="0" started-at="2019-03-15T20:57:41Z" finished-at="2019-03-15T20:57:41Z">
          <reporter-output>
          </reporter-output>
        </test-method> <!-- afterTest -->
        <test-method status="PASS" signature="afterTest()[pri:0, instance:NewTest21@2a2ef072]" name="afterTest" is-config="true" duration-ms="0" started-at="2019-03-15T20:57:41Z" finished-at="2019-03-15T20:57:41Z">
          <reporter-output>
          </reporter-output>
        </test-method> <!-- afterTest -->
        <test-method status="PASS" signature="afterTest()[pri:0, instance:NewTest16@1fac1d5c]" name="afterTest" is-config="true" duration-ms="0" started-at="2019-03-15T20:57:41Z" finished-at="2019-03-15T20:57:41Z">
          <reporter-output>
          </reporter-output>
        </test-method> <!-- afterTest -->
        <test-method status="PASS" signature="afterTest()[pri:0, instance:NewTest17@108a46d6]" name="afterTest" is-config="true" duration-ms="0" started-at="2019-03-15T20:57:41Z" finished-at="2019-03-15T20:57:41Z">
          <reporter-output>
          </reporter-output>
        </test-method> <!-- afterTest -->
        <test-method status="PASS" signature="afterTest()[pri:0, instance:NewTest2@435e60ff]" name="afterTest" is-config="true" duration-ms="0" started-at="2019-03-15T20:57:41Z" finished-at="2019-03-15T20:57:41Z">
          <reporter-output>
          </reporter-output>
        </test-method> <!-- afterTest -->
        <test-method status="PASS" signature="afterTest()[pri:0, instance:NewTest22@704641e3]" name="afterTest" is-config="true" duration-ms="0" started-at="2019-03-15T20:57:41Z" finished-at="2019-03-15T20:57:41Z">
          <reporter-output>
          </reporter-output>
        </test-method> <!-- afterTest -->
        <test-method status="PASS" signature="afterTest()[pri:0, instance:NewTest24@4207609e]" name="afterTest" is-config="true" duration-ms="1" started-at="2019-03-15T20:57:41Z" finished-at="2019-03-15T20:57:41Z">
          <reporter-output>
          </reporter-output>
        </test-method> <!-- afterTest -->
        <test-method status="PASS" signature="afterTest()[pri:0, instance:NewTest23@2f00f851]" name="afterTest" is-config="true" duration-ms="0" started-at="2019-03-15T20:57:41Z" finished-at="2019-03-15T20:57:41Z">
          <reporter-output>
          </reporter-output>
        </test-method> <!-- afterTest -->
        <test-method status="PASS" signature="afterTest()[pri:0, instance:NewTest7@10afe71a]" name="afterTest" is-config="true" duration-ms="0" started-at="2019-03-15T20:57:41Z" finished-at="2019-03-15T20:57:41Z">
          <reporter-output>
          </reporter-output>
        </test-method> <!-- afterTest -->
        <test-method status="PASS" signature="afterTest()[pri:0, instance:NewTest25@1f77b5cc]" name="afterTest" is-config="true" duration-ms="0" started-at="2019-03-15T20:57:41Z" finished-at="2019-03-15T20:57:41Z">
          <reporter-output>
          </reporter-output>
        </test-method> <!-- afterTest -->
        <test-method status="PASS" signature="afterTest()[pri:0, instance:NewTest5@2e6f610d]" name="afterTest" is-config="true" duration-ms="0" started-at="2019-03-15T20:57:41Z" finished-at="2019-03-15T20:57:41Z">
          <reporter-output>
          </reporter-output>
        </test-method> <!-- afterTest -->
        <test-method status="PASS" signature="afterTest()[pri:0, instance:NewTest3@17d32e9b]" name="afterTest" is-config="true" duration-ms="0" started-at="2019-03-15T20:57:41Z" finished-at="2019-03-15T20:57:41Z">
          <reporter-output>
          </reporter-output>
        </test-method> <!-- afterTest -->
        <test-method status="PASS" signature="afterTest()[pri:0, instance:NewTest8@741f8dbe]" name="afterTest" is-config="true" duration-ms="1" started-at="2019-03-15T20:57:41Z" finished-at="2019-03-15T20:57:41Z">
          <reporter-output>
          </reporter-output>
        </test-method> <!-- afterTest -->
        <test-method status="PASS" signature="afterTest()[pri:0, instance:NewTest6@1e86a5a7]" name="afterTest" is-config="true" duration-ms="0" started-at="2019-03-15T20:57:41Z" finished-at="2019-03-15T20:57:41Z">
          <reporter-output>
          </reporter-output>
        </test-method> <!-- afterTest -->
        <test-method status="PASS" signature="afterTest()[pri:0, instance:NewTest4@66f0548d]" name="afterTest" is-config="true" duration-ms="0" started-at="2019-03-15T20:57:41Z" finished-at="2019-03-15T20:57:41Z">
          <reporter-output>
          </reporter-output>
        </test-method> <!-- afterTest -->
        <test-method status="PASS" signature="afterTest()[pri:0, instance:NewTest9@212dfd39]" name="afterTest" is-config="true" duration-ms="0" started-at="2019-03-15T20:57:41Z" finished-at="2019-03-15T20:57:41Z">
          <reporter-output>
          </reporter-output>
        </test-method> <!-- afterTest -->
        <test-method status="PASS" signature="afterSuite()[pri:0, instance:NewTest14@4715ae33]" name="afterSuite" is-config="true" duration-ms="1" started-at="2019-03-15T20:57:41Z" finished-at="2019-03-15T20:57:41Z">
          <reporter-output>
          </reporter-output>
        </test-method> <!-- afterSuite -->
        <test-method status="PASS" signature="afterSuite()[pri:0, instance:NewTest1@5ba26eb0]" name="afterSuite" is-config="true" duration-ms="0" started-at="2019-03-15T20:57:41Z" finished-at="2019-03-15T20:57:41Z">
          <reporter-output>
          </reporter-output>
        </test-method> <!-- afterSuite -->
        <test-method status="PASS" signature="afterSuite()[pri:0, instance:NewTest11@65d57e4e]" name="afterSuite" is-config="true" duration-ms="0" started-at="2019-03-15T20:57:41Z" finished-at="2019-03-15T20:57:41Z">
          <reporter-output>
          </reporter-output>
        </test-method> <!-- afterSuite -->
        <test-method status="PASS" signature="afterSuite()[pri:0, instance:NewTest12@6daf7d37]" name="afterSuite" is-config="true" duration-ms="0" started-at="2019-03-15T20:57:41Z" finished-at="2019-03-15T20:57:41Z">
          <reporter-output>
          </reporter-output>
        </test-method> <!-- afterSuite -->
        <test-method status="PASS" signature="afterSuite()[pri:0, instance:NewTest10@a2ddf26]" name="afterSuite" is-config="true" duration-ms="0" started-at="2019-03-15T20:57:41Z" finished-at="2019-03-15T20:57:41Z">
          <reporter-output>
          </reporter-output>
        </test-method> <!-- afterSuite -->
        <test-method status="PASS" signature="afterSuite()[pri:0, instance:NewTest13@23a5818e]" name="afterSuite" is-config="true" duration-ms="0" started-at="2019-03-15T20:57:41Z" finished-at="2019-03-15T20:57:41Z">
          <reporter-output>
          </reporter-output>
        </test-method> <!-- afterSuite -->
        <test-method status="PASS" signature="afterSuite()[pri:0, instance:NewTest19@17690e14]" name="afterSuite" is-config="true" duration-ms="0" started-at="2019-03-15T20:57:41Z" finished-at="2019-03-15T20:57:41Z">
          <reporter-output>
          </reporter-output>
        </test-method> <!-- afterSuite -->
        <test-method status="PASS" signature="afterSuite()[pri:0, instance:NewTest20@6850b758]" name="afterSuite" is-config="true" duration-ms="0" started-at="2019-03-15T20:57:41Z" finished-at="2019-03-15T20:57:41Z">
          <reporter-output>
          </reporter-output>
        </test-method> <!-- afterSuite -->
        <test-method status="PASS" signature="afterSuite()[pri:0, instance:NewTest18@7a8406c2]" name="afterSuite" is-config="true" duration-ms="0" started-at="2019-03-15T20:57:41Z" finished-at="2019-03-15T20:57:41Z">
          <reporter-output>
          </reporter-output>
        </test-method> <!-- afterSuite -->
        <test-method status="PASS" signature="afterSuite()[pri:0, instance:NewTest15@9fc9f91]" name="afterSuite" is-config="true" duration-ms="0" started-at="2019-03-15T20:57:41Z" finished-at="2019-03-15T20:57:41Z">
          <reporter-output>
          </reporter-output>
        </test-method> <!-- afterSuite -->
        <test-method status="PASS" signature="afterSuite()[pri:0, instance:NewTest17@108a46d6]" name="afterSuite" is-config="true" duration-ms="0" started-at="2019-03-15T20:57:41Z" finished-at="2019-03-15T20:57:41Z">
          <reporter-output>
          </reporter-output>
        </test-method> <!-- afterSuite -->
        <test-method status="PASS" signature="afterSuite()[pri:0, instance:NewTest21@2a2ef072]" name="afterSuite" is-config="true" duration-ms="1" started-at="2019-03-15T20:57:41Z" finished-at="2019-03-15T20:57:41Z">
          <reporter-output>
          </reporter-output>
        </test-method> <!-- afterSuite -->
        <test-method status="PASS" signature="afterSuite()[pri:0, instance:NewTest16@1fac1d5c]" name="afterSuite" is-config="true" duration-ms="0" started-at="2019-03-15T20:57:41Z" finished-at="2019-03-15T20:57:41Z">
          <reporter-output>
          </reporter-output>
        </test-method> <!-- afterSuite -->
        <test-method status="PASS" signature="afterSuite()[pri:0, instance:NewTest2@435e60ff]" name="afterSuite" is-config="true" duration-ms="0" started-at="2019-03-15T20:57:41Z" finished-at="2019-03-15T20:57:41Z">
          <reporter-output>
          </reporter-output>
        </test-method> <!-- afterSuite -->
        <test-method status="PASS" signature="afterSuite()[pri:0, instance:NewTest23@2f00f851]" name="afterSuite" is-config="true" duration-ms="1" started-at="2019-03-15T20:57:41Z" finished-at="2019-03-15T20:57:41Z">
          <reporter-output>
          </reporter-output>
        </test-method> <!-- afterSuite -->
        <test-method status="PASS" signature="afterSuite()[pri:0, instance:NewTest22@704641e3]" name="afterSuite" is-config="true" duration-ms="0" started-at="2019-03-15T20:57:41Z" finished-at="2019-03-15T20:57:41Z">
          <reporter-output>
          </reporter-output>
        </test-method> <!-- afterSuite -->
        <test-method status="PASS" signature="afterSuite()[pri:0, instance:NewTest4@66f0548d]" name="afterSuite" is-config="true" duration-ms="0" started-at="2019-03-15T20:57:41Z" finished-at="2019-03-15T20:57:41Z">
          <reporter-output>
          </reporter-output>
        </test-method> <!-- afterSuite -->
        <test-method status="PASS" signature="afterSuite()[pri:0, instance:NewTest24@4207609e]" name="afterSuite" is-config="true" duration-ms="0" started-at="2019-03-15T20:57:41Z" finished-at="2019-03-15T20:57:41Z">
          <reporter-output>
          </reporter-output>
        </test-method> <!-- afterSuite -->
        <test-method status="PASS" signature="afterSuite()[pri:0, instance:NewTest3@17d32e9b]" name="afterSuite" is-config="true" duration-ms="0" started-at="2019-03-15T20:57:41Z" finished-at="2019-03-15T20:57:41Z">
          <reporter-output>
          </reporter-output>
        </test-method> <!-- afterSuite -->
        <test-method status="PASS" signature="afterSuite()[pri:0, instance:NewTest25@1f77b5cc]" name="afterSuite" is-config="true" duration-ms="0" started-at="2019-03-15T20:57:41Z" finished-at="2019-03-15T20:57:41Z">
          <reporter-output>
          </reporter-output>
        </test-method> <!-- afterSuite -->
        <test-method status="PASS" signature="afterSuite()[pri:0, instance:NewTest5@2e6f610d]" name="afterSuite" is-config="true" duration-ms="1" started-at="2019-03-15T20:57:41Z" finished-at="2019-03-15T20:57:41Z">
          <reporter-output>
          </reporter-output>
        </test-method> <!-- afterSuite -->
        <test-method status="PASS" signature="afterSuite()[pri:0, instance:NewTest6@1e86a5a7]" name="afterSuite" is-config="true" duration-ms="0" started-at="2019-03-15T20:57:41Z" finished-at="2019-03-15T20:57:41Z">
          <reporter-output>
          </reporter-output>
        </test-method> <!-- afterSuite -->
        <test-method status="PASS" signature="afterSuite()[pri:0, instance:NewTest9@212dfd39]" name="afterSuite" is-config="true" duration-ms="0" started-at="2019-03-15T20:57:41Z" finished-at="2019-03-15T20:57:41Z">
          <reporter-output>
          </reporter-output>
        </test-method> <!-- afterSuite -->
        <test-method status="PASS" signature="afterSuite()[pri:0, instance:NewTest7@10afe71a]" name="afterSuite" is-config="true" duration-ms="0" started-at="2019-03-15T20:57:41Z" finished-at="2019-03-15T20:57:41Z">
          <reporter-output>
          </reporter-output>
        </test-method> <!-- afterSuite -->
        <test-method status="PASS" signature="afterSuite()[pri:0, instance:NewTest8@741f8dbe]" name="afterSuite" is-config="true" duration-ms="0" started-at="2019-03-15T20:57:41Z" finished-at="2019-03-15T20:57:41Z">
          <reporter-output>
          </reporter-output>
        </test-method> <!-- afterSuite -->
      </class> <!-- NewTest1 -->
      <class name="NewTest3">
        <test-method status="PASS" signature="beforeClass()[pri:0, instance:NewTest3@17d32e9b]" name="beforeClass" is-config="true" duration-ms="0" started-at="2019-03-15T20:57:41Z" finished-at="2019-03-15T20:57:41Z">
          <reporter-output>
          </reporter-output>
        </test-method> <!-- beforeClass -->
        <test-method status="PASS" signature="test3()[pri:0, instance:NewTest3@17d32e9b]" name="test3" duration-ms="2" started-at="2019-03-15T20:57:41Z" finished-at="2019-03-15T20:57:41Z">
          <reporter-output>
          </reporter-output>
        </test-method> <!-- test3 -->
        <test-method status="PASS" signature="beforeMethod()[pri:0, instance:NewTest3@17d32e9b]" name="beforeMethod" is-config="true" duration-ms="0" started-at="2019-03-15T20:57:41Z" finished-at="2019-03-15T20:57:41Z">
          <reporter-output>
          </reporter-output>
        </test-method> <!-- beforeMethod -->
        <test-method status="PASS" signature="afterClass()[pri:0, instance:NewTest3@17d32e9b]" name="afterClass" is-config="true" duration-ms="0" started-at="2019-03-15T20:57:41Z" finished-at="2019-03-15T20:57:41Z">
          <reporter-output>
          </reporter-output>
        </test-method> <!-- afterClass -->
        <test-method status="PASS" signature="afterMethod()[pri:0, instance:NewTest3@17d32e9b]" name="afterMethod" is-config="true" duration-ms="0" started-at="2019-03-15T20:57:41Z" finished-at="2019-03-15T20:57:41Z">
          <reporter-output>
          </reporter-output>
        </test-method> <!-- afterMethod -->
      </class> <!-- NewTest3 -->
      <class name="NewTest5">
        <test-method status="PASS" signature="beforeClass()[pri:0, instance:NewTest5@2e6f610d]" name="beforeClass" is-config="true" duration-ms="0" started-at="2019-03-15T20:57:41Z" finished-at="2019-03-15T20:57:41Z">
          <reporter-output>
          </reporter-output>
        </test-method> <!-- beforeClass -->
        <test-method status="PASS" signature="beforeMethod()[pri:0, instance:NewTest5@2e6f610d]" name="beforeMethod" is-config="true" duration-ms="0" started-at="2019-03-15T20:57:41Z" finished-at="2019-03-15T20:57:41Z">
          <reporter-output>
          </reporter-output>
        </test-method> <!-- beforeMethod -->
        <test-method status="FAIL" signature="test5()[pri:0, instance:NewTest5@2e6f610d]" name="test5" duration-ms="3" started-at="2019-03-15T20:57:41Z" finished-at="2019-03-15T20:57:41Z">
          <exception class="java.lang.AssertionError">
            <message>
              <![CDATA[expected [4] but found [5]]]>
            </message>
            <full-stacktrace>
              <![CDATA[java.lang.AssertionError: expected [4] but found [5]
at org.testng.Assert.fail(Assert.java:96)
at org.testng.Assert.failNotEquals(Assert.java:776)
at org.testng.Assert.assertEqualsImpl(Assert.java:137)
at org.testng.Assert.assertEquals(Assert.java:118)
at org.testng.Assert.assertEquals(Assert.java:652)
at org.testng.Assert.assertEquals(Assert.java:662)
at NewTest5.test5(NewTest5.java:58)
at sun.reflect.NativeMethodAccessorImpl.invoke0(Native Method)
at sun.reflect.NativeMethodAccessorImpl.invoke(NativeMethodAccessorImpl.java:62)
at sun.reflect.DelegatingMethodAccessorImpl.invoke(DelegatingMethodAccessorImpl.java:43)
at java.lang.reflect.Method.invoke(Method.java:498)
at org.testng.internal.MethodInvocationHelper.invokeMethod(MethodInvocationHelper.java:124)
at org.testng.internal.Invoker.invokeMethod(Invoker.java:583)
at org.testng.internal.Invoker.invokeTestMethod(Invoker.java:719)
at org.testng.internal.Invoker.invokeTestMethods(Invoker.java:989)
at org.testng.internal.TestMethodWorker.invokeTestMethods(TestMethodWorker.java:125)
at org.testng.internal.TestMethodWorker.run(TestMethodWorker.java:109)
at org.testng.TestRunner.privateRun(TestRunner.java:648)
at org.testng.TestRunner.run(TestRunner.java:505)
at org.testng.SuiteRunner.runTest(SuiteRunner.java:455)
at org.testng.SuiteRunner.runSequentially(SuiteRunner.java:450)
at org.testng.SuiteRunner.privateRun(SuiteRunner.java:415)
at org.testng.SuiteRunner.run(SuiteRunner.java:364)
at org.testng.SuiteRunnerWorker.runSuite(SuiteRunnerWorker.java:52)
at org.testng.SuiteRunnerWorker.run(SuiteRunnerWorker.java:84)
at org.testng.TestNG.runSuitesSequentially(TestNG.java:1208)
at org.testng.TestNG.runSuitesLocally(TestNG.java:1137)
at org.testng.TestNG.runSuites(TestNG.java:1049)
at org.testng.TestNG.run(TestNG.java:1017)
at org.testng.remote.AbstractRemoteTestNG.run(AbstractRemoteTestNG.java:115)
at org.testng.remote.RemoteTestNG.initAndRun(RemoteTestNG.java:251)
at org.testng.remote.RemoteTestNG.main(RemoteTestNG.java:77)
]]>
            </full-stacktrace>
          </exception> <!-- java.lang.AssertionError -->
          <reporter-output>
          </reporter-output>
        </test-method> <!-- test5 -->
        <test-method status="PASS" signature="afterMethod()[pri:0, instance:NewTest5@2e6f610d]" name="afterMethod" is-config="true" duration-ms="0" started-at="2019-03-15T20:57:41Z" finished-at="2019-03-15T20:57:41Z">
          <reporter-output>
          </reporter-output>
        </test-method> <!-- afterMethod -->
        <test-method status="PASS" signature="afterClass()[pri:0, instance:NewTest5@2e6f610d]" name="afterClass" is-config="true" duration-ms="0" started-at="2019-03-15T20:57:41Z" finished-at="2019-03-15T20:57:41Z">
          <reporter-output>
          </reporter-output>
        </test-method> <!-- afterClass -->
      </class> <!-- NewTest5 -->
      <class name="NewTest7">
        <test-method status="PASS" signature="beforeClass()[pri:0, instance:NewTest7@10afe71a]" name="beforeClass" is-config="true" duration-ms="0" started-at="2019-03-15T20:57:41Z" finished-at="2019-03-15T20:57:41Z">
          <reporter-output>
          </reporter-output>
        </test-method> <!-- beforeClass -->
        <test-method status="PASS" signature="beforeMethod()[pri:0, instance:NewTest7@10afe71a]" name="beforeMethod" is-config="true" duration-ms="0" started-at="2019-03-15T20:57:41Z" finished-at="2019-03-15T20:57:41Z">
          <reporter-output>
          </reporter-output>
        </test-method> <!-- beforeMethod -->
        <test-method status="PASS" signature="test7()[pri:0, instance:NewTest7@10afe71a]" name="test7" duration-ms="3" started-at="2019-03-15T20:57:41Z" finished-at="2019-03-15T20:57:41Z">
          <reporter-output>
          </reporter-output>
        </test-method> <!-- test7 -->
        <test-method status="PASS" signature="afterMethod()[pri:0, instance:NewTest7@10afe71a]" name="afterMethod" is-config="true" duration-ms="1" started-at="2019-03-15T20:57:41Z" finished-at="2019-03-15T20:57:41Z">
          <reporter-output>
          </reporter-output>
        </test-method> <!-- afterMethod -->
        <test-method status="PASS" signature="afterClass()[pri:0, instance:NewTest7@10afe71a]" name="afterClass" is-config="true" duration-ms="0" started-at="2019-03-15T20:57:41Z" finished-at="2019-03-15T20:57:41Z">
          <reporter-output>
          </reporter-output>
        </test-method> <!-- afterClass -->
      </class> <!-- NewTest7 -->
      <class name="NewTest6">
        <test-method status="PASS" signature="beforeClass()[pri:0, instance:NewTest6@1e86a5a7]" name="beforeClass" is-config="true" duration-ms="0" started-at="2019-03-15T20:57:41Z" finished-at="2019-03-15T20:57:41Z">
          <reporter-output>
          </reporter-output>
        </test-method> <!-- beforeClass -->
        <test-method status="PASS" signature="test6()[pri:0, instance:NewTest6@1e86a5a7]" name="test6" duration-ms="1" started-at="2019-03-15T20:57:41Z" finished-at="2019-03-15T20:57:41Z">
          <reporter-output>
          </reporter-output>
        </test-method> <!-- test6 -->
        <test-method status="PASS" signature="beforeMethod()[pri:0, instance:NewTest6@1e86a5a7]" name="beforeMethod" is-config="true" duration-ms="0" started-at="2019-03-15T20:57:41Z" finished-at="2019-03-15T20:57:41Z">
          <reporter-output>
          </reporter-output>
        </test-method> <!-- beforeMethod -->
        <test-method status="PASS" signature="afterMethod()[pri:0, instance:NewTest6@1e86a5a7]" name="afterMethod" is-config="true" duration-ms="0" started-at="2019-03-15T20:57:41Z" finished-at="2019-03-15T20:57:41Z">
          <reporter-output>
          </reporter-output>
        </test-method> <!-- afterMethod -->
        <test-method status="PASS" signature="afterClass()[pri:0, instance:NewTest6@1e86a5a7]" name="afterClass" is-config="true" duration-ms="0" started-at="2019-03-15T20:57:41Z" finished-at="2019-03-15T20:57:41Z">
          <reporter-output>
          </reporter-output>
        </test-method> <!-- afterClass -->
      </class> <!-- NewTest6 -->
      <class name="NewTest9">
        <test-method status="PASS" signature="beforeClass()[pri:0, instance:NewTest9@212dfd39]" name="beforeClass" is-config="true" duration-ms="0" started-at="2019-03-15T20:57:41Z" finished-at="2019-03-15T20:57:41Z">
          <reporter-output>
          </reporter-output>
        </test-method> <!-- beforeClass -->
        <test-method status="PASS" signature="beforeMethod()[pri:0, instance:NewTest9@212dfd39]" name="beforeMethod" is-config="true" duration-ms="0" started-at="2019-03-15T20:57:41Z" finished-at="2019-03-15T20:57:41Z">
          <reporter-output>
          </reporter-output>
        </test-method> <!-- beforeMethod -->
        <test-method status="PASS" signature="test9()[pri:0, instance:NewTest9@212dfd39]" name="test9" duration-ms="4" started-at="2019-03-15T20:57:41Z" finished-at="2019-03-15T20:57:41Z">
          <reporter-output>
          </reporter-output>
        </test-method> <!-- test9 -->
        <test-method status="PASS" signature="afterMethod()[pri:0, instance:NewTest9@212dfd39]" name="afterMethod" is-config="true" duration-ms="1" started-at="2019-03-15T20:57:41Z" finished-at="2019-03-15T20:57:41Z">
          <reporter-output>
          </reporter-output>
        </test-method> <!-- afterMethod -->
        <test-method status="PASS" signature="afterClass()[pri:0, instance:NewTest9@212dfd39]" name="afterClass" is-config="true" duration-ms="0" started-at="2019-03-15T20:57:41Z" finished-at="2019-03-15T20:57:41Z">
          <reporter-output>
          </reporter-output>
        </test-method> <!-- afterClass -->
      </class> <!-- NewTest9 -->
      <class name="NewTest8">
        <test-method status="PASS" signature="beforeMethod()[pri:0, instance:NewTest8@741f8dbe]" name="beforeMethod" is-config="true" duration-ms="0" started-at="2019-03-15T20:57:41Z" finished-at="2019-03-15T20:57:41Z">
          <reporter-output>
          </reporter-output>
        </test-method> <!-- beforeMethod -->
        <test-method status="PASS" signature="test8()[pri:0, instance:NewTest8@741f8dbe]" name="test8" duration-ms="1" started-at="2019-03-15T20:57:41Z" finished-at="2019-03-15T20:57:41Z">
          <reporter-output>
          </reporter-output>
        </test-method> <!-- test8 -->
        <test-method status="PASS" signature="beforeClass()[pri:0, instance:NewTest8@741f8dbe]" name="beforeClass" is-config="true" duration-ms="0" started-at="2019-03-15T20:57:41Z" finished-at="2019-03-15T20:57:41Z">
          <reporter-output>
          </reporter-output>
        </test-method> <!-- beforeClass -->
        <test-method status="PASS" signature="afterClass()[pri:0, instance:NewTest8@741f8dbe]" name="afterClass" is-config="true" duration-ms="0" started-at="2019-03-15T20:57:41Z" finished-at="2019-03-15T20:57:41Z">
          <reporter-output>
          </reporter-output>
        </test-method> <!-- afterClass -->
        <test-method status="PASS" signature="afterMethod()[pri:0, instance:NewTest8@741f8dbe]" name="afterMethod" is-config="true" duration-ms="0" started-at="2019-03-15T20:57:41Z" finished-at="2019-03-15T20:57:41Z">
          <reporter-output>
          </reporter-output>
        </test-method> <!-- afterMethod -->
      </class> <!-- NewTest8 -->
    </test> <!-- Test -->
  </suite> <!-- Suite -->
</testng-results>
